<?xml version="1.0" encoding="UTF-8"?>
<!-- Generated by org.testng.reporters.JUnitXMLReporter -->
<testsuite hostname="moyo" name="Test1" tests="4" failures="0" timestamp="10 Sep 2015 13:11:55 GMT" time="44.22" errors="0">
  <testcase name="testLogin" time="5.92" classname="ru.st.selenium.Login"/>
  <testcase name="testAddFilm" time="10.545" classname="ru.st.selenium.AddFilm"/>
  <testcase name="testRemoveFilm" time="0.851" classname="ru.st.selenium.RemoveFilm"/>
  <testcase name="testLogout" time="1.671" classname="ru.st.selenium.Logout"/>
</testsuite> <!-- Test1 -->
